<?xml version="1.0" encoding="UTF-8"?>
<!-- Generated by org.testng.reporters.JUnitReportReporter -->
<testsuite hostname="Pebbles" failures="0" tests="2" name="com.smokeAndRegerssion.GoogleTest" time="10.704" errors="0" timestamp="2023-09-26T16:37:22 EDT" skipped="0">
  <testcase classname="com.smokeAndRegerssion.GoogleTest" name="google" time="5.852"/>
  <system-out/>
  <testcase classname="com.smokeAndRegerssion.GoogleTest" name="google" time="4.852"/>
  <system-out/>
</testsuite> <!-- com.smokeAndRegerssion.GoogleTest -->
