<?xml version="1.0" encoding="UTF-8"?>
<!-- Generated by org.testng.reporters.JUnitReportReporter -->
<testsuite hostname="Pebbles" failures="0" tests="1" name="com.smokeAndRegerssion.GoogleTest" time="4.398" errors="0" timestamp="2023-09-26T16:05:26 EDT" skipped="0">
  <testcase classname="com.smokeAndRegerssion.GoogleTest" name="google" time="4.398"/>
  <system-out/>
</testsuite> <!-- com.smokeAndRegerssion.GoogleTest -->
