<?xml version="1.0" encoding="UTF-8"?>
<!-- Generated by org.testng.reporters.JUnitReportReporter -->
<testsuite hostname="Pebbles" failures="0" tests="1" name="com.smokeAndRegerssion.GoogleTest" time="5.096" errors="0" timestamp="2023-09-25T18:31:36 EDT" skipped="0">
  <testcase classname="com.smokeAndRegerssion.GoogleTest" name="google" time="5.096"/>
  <system-out/>
</testsuite> <!-- com.smokeAndRegerssion.GoogleTest -->
