<?xml version="1.0" encoding="UTF-8"?>
<!-- Generated by org.testng.reporters.JUnitReportReporter -->
<testsuite hostname="Pebbles" failures="0" tests="1" name="com.smokeAndRegerssion.GooglewithAtag" time="6.907" errors="0" timestamp="2023-09-25T17:14:00 EDT" skipped="0">
  <testcase classname="com.smokeAndRegerssion.GooglewithAtag" name="GoogleWIthAtag" time="6.907"/>
  <system-out/>
</testsuite> <!-- com.smokeAndRegerssion.GooglewithAtag -->
